[  121448ms] [WARNING] Deprecation warning: value provided is not in a recognized RFC2822 or ISO format. moment construction falls back to js Date(), which is not reliable across all browsers and versions. Non RFC2822/ISO date formats are discouraged. Please refer to http://momentjs.com/guides/#/warnings/js-date/ for more info.
Arguments: 
[0] _isAMomentObject: true, _isUTC: true, _useUTC: true, _l: undefined, _i: undefined, _f: undefined, _strict: undefined, _locale: [object Object]
Error
    at z.createFromInputFallback (https://dgoc.logstop.com/assets/frappe/dist/js/libs.bundle.TIV7ZGVY.js:7:3)
    at jn (https://dgoc.logstop.com/assets/frappe/dist/js/libs.bundle.TIV7ZGVY.js:7:24628)
    at mr (https://dgoc.logstop.com/assets/frappe/dist/js/libs.bundle.TIV7ZGVY.js:7:28419)
    at Xi (https://dgoc.logstop.com/assets/frappe/dist/js/libs.bundle.TIV7ZGVY.js:7:28284)
    at Ki (https://dgoc.logstop.com/assets/frappe/dist/js/libs.bundle.TIV7ZGVY.js:7:28002)
    at Zn (https://dgoc.logstop.com/assets/frappe/dist/js/libs.bundle.TIV7ZGVY.js:7:28780)
    at Fe (https://dgoc.logstop.com/assets/frappe/dist/js/libs.bundle.TIV7ZGVY.js:4:112815)
    at z.ne [as tz] (https://dgoc.logstop.com/assets/frappe/dist/js/libs.bundle.TIV7ZGVY.js:7:61602)
    at Object.convert_to_user_tz (https://dgoc.logstop.com/assets/frappe/dist/js/desk.bundle.WBJQIARY.js:790:442)
    at Qo (https://dgoc.logstop.com/assets/frappe/dist/js/desk.bundle.WBJQIARY.js:784:4358) @ https://dgoc.logstop.com/assets/frappe/dist/js/libs.bundle.TIV7ZGVY.js:3
[  944930ms] [ERROR] Failed to load resource: the server responded with a status of 417 (Expectation Failed) @ https://dgoc.logstop.com/api/method/frappe.desk.form.save.savedocs:0
[  944941ms] [ERROR] Traceback (most recent call last):
  File "apps/frappe/frappe/app.py", line 120, in application
    response = frappe.api.handle(request)
  File "apps/frappe/frappe/api/__init__.py", line 52, in handle
    data = endpoint(**arguments)
  File "apps/frappe/frappe/api/v1.py", line 40, in handle_rpc_call
    return frappe.handler.handle()
  File "apps/frappe/frappe/handler.py", line 53, in handle
    data = execute_cmd(cmd)
  File "apps/frappe/frappe/handler.py", line 86, in execute_cmd
    return frappe.call(method, **frappe.form_dict)
  File "apps/frappe/frappe/__init__.py", line 1764, in call
    return fn(*args, **newargs)
  File "apps/frappe/frappe/utils/typing_validations.py", line 32, in wrapper
    return func(*args, **kwargs)
  File "apps/frappe/frappe/desk/form/save.py", line 39, in savedocs
    doc.save()
  File "apps/frappe/frappe/model/document.py", line 378, in save
    return self._save(*args, **kwargs)
  File "apps/frappe/frappe/model/document.py", line 400, in _save
    return self.insert()
  File "apps/frappe/frappe/model/document.py", line 309, in insert
    self.run_before_save_methods()
  File "apps/frappe/frappe/model/document.py", line 1140, in run_before_save_methods
    self.run_method("validate")
  File "apps/frappe/frappe/model/document.py", line 1011, in run_method
    out = Document.hook(fn)(self, *args, **kwargs)
  File "apps/frappe/frappe/model/document.py", line 1371, in composer
    return composed(self, method, *args, **kwargs)
  File "apps/frappe/frappe/model/document.py", line 1353, in runner
    add_to_return_value(self, fn(self, *args, **kwargs))
  File "apps/frappe/frappe/model/document.py", line 1008, in fn
    return method_object(*args, **kwargs)
  File "apps/erpnext/erpnext/selling/doctype/sales_order/sales_order.py", line 220, in validate
    self.validate_warehouse()
  File "apps/erpnext/erpnext/selling/doctype/sales_order/sales_order.py", line 387, in validate_warehouse
    frappe.throw(
  File "apps/frappe/frappe/__init__.py", line 619, in throw
    msgprint(
  File "apps/frappe/frappe/__init__.py", line 584, in msgprint
    _raise_exception()
  File "apps/frappe/frappe/__init__.py", line 535, in _raise_exception
    raise exc
erpnext.selling.doctype.sales_order.sales_order.WarehouseRequired: Delivery warehouse required for stock item SOFTWARE 1
 @ https://dgoc.logstop.com/assets/frappe/dist/js/desk.bundle.WBJQIARY.js:466
