[    2164ms] TypeError: frappe.has_role is not a function
    at init_workflows (dspl_workflows.js:20:14)
    at frappe.pages.dspl-workflows.on_page_load (dspl_workflows.js:11:2)
    at frappe.views.Page.trigger_page_event (https://dgoc.logstop.com/assets/frappe/dist/js/desk.bundle.WBJQIARY.js:790:30231)
    at new frappe.views.Page (https://dgoc.logstop.com/assets/frappe/dist/js/desk.bundle.WBJQIARY.js:790:30009)
    at https://dgoc.logstop.com/assets/frappe/dist/js/desk.bundle.WBJQIARY.js:790:29265
    at Object.with_page (https://dgoc.logstop.com/assets/frappe/dist/js/desk.bundle.WBJQIARY.js:790:28813)
    at https://dgoc.logstop.com/assets/frappe/dist/js/desk.bundle.WBJQIARY.js:790:29182
    at Object.with_doctype (https://dgoc.logstop.com/assets/frappe/dist/js/desk.bundle.WBJQIARY.js:756:4648)
    at Object.show (https://dgoc.logstop.com/assets/frappe/dist/js/desk.bundle.WBJQIARY.js:790:29129)
    at Object.render_page (https://dgoc.logstop.com/assets/frappe/dist/js/desk.bundle.WBJQIARY.js:502:8681)
[   15639ms] TypeError: frappe.has_role is not a function
    at init_workflows (dspl_workflows.js:20:14)
    at frappe.pages.dspl-workflows.on_page_load (dspl_workflows.js:11:2)
    at frappe.views.Page.trigger_page_event (https://dgoc.logstop.com/assets/frappe/dist/js/desk.bundle.WBJQIARY.js:790:30231)
    at new frappe.views.Page (https://dgoc.logstop.com/assets/frappe/dist/js/desk.bundle.WBJQIARY.js:790:30009)
    at https://dgoc.logstop.com/assets/frappe/dist/js/desk.bundle.WBJQIARY.js:790:29265
    at Object.with_page (https://dgoc.logstop.com/assets/frappe/dist/js/desk.bundle.WBJQIARY.js:790:28813)
    at https://dgoc.logstop.com/assets/frappe/dist/js/desk.bundle.WBJQIARY.js:790:29182
    at Object.with_doctype (https://dgoc.logstop.com/assets/frappe/dist/js/desk.bundle.WBJQIARY.js:756:4648)
    at Object.show (https://dgoc.logstop.com/assets/frappe/dist/js/desk.bundle.WBJQIARY.js:790:29129)
    at Object.render_page (https://dgoc.logstop.com/assets/frappe/dist/js/desk.bundle.WBJQIARY.js:502:8681)
[  113005ms] [ERROR] Failed to load resource: the server responded with a status of 401 (Unauthorized) @ https://dgoc.logstop.com/login:0
[  113006ms] [ERROR] Traceback (most recent call last):
  File "apps/frappe/frappe/app.py", line 105, in application
    init_request(request)
  File "apps/frappe/frappe/app.py", line 200, in init_request
    frappe.local.http_request = HTTPRequest()
  File "apps/frappe/frappe/auth.py", line 44, in __init__
    self.set_session()
  File "apps/frappe/frappe/auth.py", line 81, in set_session
    frappe.local.login_manager = LoginManager()
  File "apps/frappe/frappe/auth.py", line 114, in __init__
    if self.login() is False:
  File "apps/frappe/frappe/auth.py", line 136, in login
    self.authenticate(user=user, pwd=pwd)
  File "apps/frappe/frappe/auth.py", line 260, in authenticate
    self.fail("Invalid login credentials", user=_raw_user_name)
  File "apps/frappe/frappe/auth.py", line 316, in fail
    raise frappe.AuthenticationError
frappe.exceptions.AuthenticationError
 @ https://dgoc.logstop.com/assets/frappe/dist/js/frappe-web.bundle.EPOAWZI7.js:225
[  140314ms] [ERROR] Failed to load resource: the server responded with a status of 401 (Unauthorized) @ https://dgoc.logstop.com/login:0
[  140314ms] [ERROR] Traceback (most recent call last):
  File "apps/frappe/frappe/app.py", line 105, in application
    init_request(request)
  File "apps/frappe/frappe/app.py", line 200, in init_request
    frappe.local.http_request = HTTPRequest()
  File "apps/frappe/frappe/auth.py", line 44, in __init__
    self.set_session()
  File "apps/frappe/frappe/auth.py", line 81, in set_session
    frappe.local.login_manager = LoginManager()
  File "apps/frappe/frappe/auth.py", line 114, in __init__
    if self.login() is False:
  File "apps/frappe/frappe/auth.py", line 136, in login
    self.authenticate(user=user, pwd=pwd)
  File "apps/frappe/frappe/auth.py", line 271, in authenticate
    self.fail("Invalid login credentials", user=user.name)
  File "apps/frappe/frappe/auth.py", line 316, in fail
    raise frappe.AuthenticationError
frappe.exceptions.AuthenticationError
 @ https://dgoc.logstop.com/assets/frappe/dist/js/frappe-web.bundle.EPOAWZI7.js:225
