[     555ms] TypeError: frappe.has_role is not a function
    at init_workflows (dspl_workflows.js:20:14)
    at frappe.pages.dspl-workflows.on_page_load (dspl_workflows.js:11:2)
    at frappe.views.Page.trigger_page_event (https://dgoc.logstop.com/assets/frappe/dist/js/desk.bundle.WBJQIARY.js:790:30231)
    at new frappe.views.Page (https://dgoc.logstop.com/assets/frappe/dist/js/desk.bundle.WBJQIARY.js:790:30009)
    at https://dgoc.logstop.com/assets/frappe/dist/js/desk.bundle.WBJQIARY.js:790:29265
    at Object.with_page (https://dgoc.logstop.com/assets/frappe/dist/js/desk.bundle.WBJQIARY.js:790:28813)
    at https://dgoc.logstop.com/assets/frappe/dist/js/desk.bundle.WBJQIARY.js:790:29182
    at Object.with_doctype (https://dgoc.logstop.com/assets/frappe/dist/js/desk.bundle.WBJQIARY.js:756:4648)
    at Object.show (https://dgoc.logstop.com/assets/frappe/dist/js/desk.bundle.WBJQIARY.js:790:29129)
    at Object.render_page (https://dgoc.logstop.com/assets/frappe/dist/js/desk.bundle.WBJQIARY.js:502:8681)
[   53542ms] TypeError: frappe.has_role is not a function
    at init_workflows (dspl_workflows.js:20:14)
    at frappe.pages.dspl-workflows.on_page_load (dspl_workflows.js:11:2)
    at frappe.views.Page.trigger_page_event (https://dgoc.logstop.com/assets/frappe/dist/js/desk.bundle.WBJQIARY.js:790:30231)
    at new frappe.views.Page (https://dgoc.logstop.com/assets/frappe/dist/js/desk.bundle.WBJQIARY.js:790:30009)
    at https://dgoc.logstop.com/assets/frappe/dist/js/desk.bundle.WBJQIARY.js:790:29265
    at Object.with_page (https://dgoc.logstop.com/assets/frappe/dist/js/desk.bundle.WBJQIARY.js:790:28813)
    at https://dgoc.logstop.com/assets/frappe/dist/js/desk.bundle.WBJQIARY.js:790:29182
    at Object.with_doctype (https://dgoc.logstop.com/assets/frappe/dist/js/desk.bundle.WBJQIARY.js:756:4648)
    at Object.show (https://dgoc.logstop.com/assets/frappe/dist/js/desk.bundle.WBJQIARY.js:790:29129)
    at Object.render_page (https://dgoc.logstop.com/assets/frappe/dist/js/desk.bundle.WBJQIARY.js:502:8681)
[   98650ms] [ERROR] Failed to load resource: the server responded with a status of 502 (Bad Gateway) @ https://dgoc.logstop.com/socket.io/?EIO=4&transport=polling&t=Pr3U8PR:0
[   98651ms] [ERROR] Error connecting to socket.io: xhr poll error @ https://dgoc.logstop.com/assets/frappe/dist/js/desk.bundle.WBJQIARY.js:470
[   99794ms] [ERROR] Failed to load resource: the server responded with a status of 502 (Bad Gateway) @ https://dgoc.logstop.com/socket.io/?EIO=4&transport=polling&t=Pr3U8i3:0
[   99795ms] [ERROR] Error connecting to socket.io: xhr poll error @ https://dgoc.logstop.com/assets/frappe/dist/js/desk.bundle.WBJQIARY.js:470
