[   93992ms] [ERROR] Failed to load resource: the server responded with a status of 417 (Expectation Failed) @ https://dgoc.logstop.com/api/method/frappe.desk.doctype.number_card.number_card.get_result:0
[   93994ms] [ERROR] Traceback (most recent call last):
  File "apps/frappe/frappe/utils/data.py", line 102, in getdate
    return parser.parse(string_date, dayfirst=parse_day_first).date()
  File "env/lib/python3.10/site-packages/dateutil/parser/_parser.py", line 1368, in parse
    return DEFAULTPARSER.parse(timestr, **kwargs)
  File "env/lib/python3.10/site-packages/dateutil/parser/_parser.py", line 643, in parse
    raise ParserError("Unknown string format: %s", timestr)
dateutil.parser._parser.ParserError: Unknown string format: today

During handling of the above exception, another exception occurred:

Traceback (most recent call last):
  File "apps/frappe/frappe/app.py", line 120, in application
    response = frappe.api.handle(request)
  File "apps/frappe/frappe/api/__init__.py", line 52, in handle
    data = endpoint(**arguments)
  File "apps/frappe/frappe/api/v1.py", line 40, in handle_rpc_call
    return frappe.handler.handle()
  File "apps/frappe/frappe/handler.py", line 53, in handle
    data = execute_cmd(cmd)
  File "apps/frappe/frappe/handler.py", line 86, in execute_cmd
    return frappe.call(method, **frappe.form_dict)
  File "apps/frappe/frappe/__init__.py", line 1764, in call
    return fn(*args, **newargs)
  File "apps/frappe/frappe/utils/typing_validations.py", line 32, in wrapper
    return func(*args, **kwargs)
  File "apps/frappe/frappe/desk/doctype/number_card/number_card.py", line 150, in get_result
    res = frappe.get_list(
  File "apps/frappe/frappe/__init__.py", line 2032, in get_list
    return frappe.model.db_query.DatabaseQuery(doctype).execute(*args, **kwargs)
  File "apps/frappe/frappe/model/db_query.py", line 212, in execute
    result = self.build_and_run()
  File "apps/frappe/frappe/model/db_query.py", line 227, in build_and_run
    args = self.prepare_args()
  File "apps/frappe/frappe/model/db_query.py", line 269, in prepare_args
    self.build_conditions()
  File "apps/frappe/frappe/model/db_query.py", line 642, in build_conditions
    self.build_filter_conditions(self.filters, self.conditions)
  File "apps/frappe/frappe/model/db_query.py", line 660, in build_filter_conditions
    conditions.append(self.prepare_filter_condition(f))
  File "apps/frappe/frappe/model/db_query.py", line 916, in prepare_filter_condition
    value = frappe.db.format_date(f.value)
  File "apps/frappe/frappe/database/database.py", line 1289, in format_date
    return getdate(date).strftime("%Y-%m-%d")
  File "apps/frappe/frappe/utils/data.py", line 104, in getdate
    frappe.throw(
  File "apps/frappe/frappe/__init__.py", line 619, in throw
    msgprint(
  File "apps/frappe/frappe/__init__.py", line 584, in msgprint
    _raise_exception()
  File "apps/frappe/frappe/__init__.py", line 535, in _raise_exception
    raise exc
frappe.exceptions.ValidationError: <strong>today</strong> is not a valid date string.
 @ https://dgoc.logstop.com/assets/frappe/dist/js/desk.bundle.WBJQIARY.js:466
[   93995ms] undefined
[  147440ms] [ERROR] Failed to load resource: the server responded with a status of 417 (Expectation Failed) @ https://dgoc.logstop.com/api/resource/Company?fields=[%22name%22,%22default_currency%22,%22country%22,%22default_warehouse_for_sales%22]&limit_page_length=0:0
