[  130881ms] [ERROR] Failed to load resource: the server responded with a status of 401 (Unauthorized) @ https://dgoc.logstop.com/login:0
[  130881ms] [ERROR] Traceback (most recent call last):
  File "apps/frappe/frappe/app.py", line 105, in application
    init_request(request)
  File "apps/frappe/frappe/app.py", line 200, in init_request
    frappe.local.http_request = HTTPRequest()
  File "apps/frappe/frappe/auth.py", line 44, in __init__
    self.set_session()
  File "apps/frappe/frappe/auth.py", line 81, in set_session
    frappe.local.login_manager = LoginManager()
  File "apps/frappe/frappe/auth.py", line 114, in __init__
    if self.login() is False:
  File "apps/frappe/frappe/auth.py", line 136, in login
    self.authenticate(user=user, pwd=pwd)
  File "apps/frappe/frappe/auth.py", line 260, in authenticate
    self.fail("Invalid login credentials", user=_raw_user_name)
  File "apps/frappe/frappe/auth.py", line 316, in fail
    raise frappe.AuthenticationError
frappe.exceptions.AuthenticationError
 @ https://dgoc.logstop.com/assets/frappe/dist/js/frappe-web.bundle.EPOAWZI7.js:225
