[     300ms] [ERROR] Failed to load resource: the server responded with a status of 404 (Not Found) @ https://dgoc.logstop.com/api/method/frappe.desk.desk_page.getpage:0
[  307930ms] [ERROR] TypeError: frappe.has_role is not a function
    at init_workflows (dspl_workflows.js:20:14)
    at frappe.pages.dspl-workflows.on_page_load (dspl_workflows.js:11:2)
    at frappe.views.Page.trigger_page_event (https://dgoc.logstop.com/assets/frappe/dist/js/desk.bundle.WBJQIARY.js:790:30231)
    at new frappe.views.Page (https://dgoc.logstop.com/assets/frappe/dist/js/desk.bundle.WBJQIARY.js:790:30009)
    at https://dgoc.logstop.com/assets/frappe/dist/js/desk.bundle.WBJQIARY.js:790:29265
    at Object.callback (https://dgoc.logstop.com/assets/frappe/dist/js/desk.bundle.WBJQIARY.js:790:29023)
    at Object.e [as success_callback] (https://dgoc.logstop.com/assets/frappe/dist/js/desk.bundle.WBJQIARY.js:467:1183)
    at 200 (https://dgoc.logstop.com/assets/frappe/dist/js/desk.bundle.WBJQIARY.js:467:1835)
    at Object.<anonymous> (https://dgoc.logstop.com/assets/frappe/dist/js/desk.bundle.WBJQIARY.js:467:5160)
    at I (https://dgoc.logstop.com/assets/frappe/dist/js/libs.bundle.TIV7ZGVY.js:1:26927) @ https://dgoc.logstop.com/assets/frappe/dist/js/desk.bundle.WBJQIARY.js:466
[ 1044718ms] TypeError: frappe.has_role is not a function
    at init_workflows (dspl_workflows.js:20:14)
    at frappe.pages.dspl-workflows.on_page_load (dspl_workflows.js:11:2)
    at frappe.views.Page.trigger_page_event (https://dgoc.logstop.com/assets/frappe/dist/js/desk.bundle.WBJQIARY.js:790:30231)
    at new frappe.views.Page (https://dgoc.logstop.com/assets/frappe/dist/js/desk.bundle.WBJQIARY.js:790:30009)
    at https://dgoc.logstop.com/assets/frappe/dist/js/desk.bundle.WBJQIARY.js:790:29265
    at Object.with_page (https://dgoc.logstop.com/assets/frappe/dist/js/desk.bundle.WBJQIARY.js:790:28813)
    at https://dgoc.logstop.com/assets/frappe/dist/js/desk.bundle.WBJQIARY.js:790:29182
    at Object.with_doctype (https://dgoc.logstop.com/assets/frappe/dist/js/desk.bundle.WBJQIARY.js:756:4648)
    at Object.show (https://dgoc.logstop.com/assets/frappe/dist/js/desk.bundle.WBJQIARY.js:790:29129)
    at Object.render_page (https://dgoc.logstop.com/assets/frappe/dist/js/desk.bundle.WBJQIARY.js:502:8681)
